#
# A fatal error has been detected by the Java Runtime Environment:
#
#  Internal Error (javaClasses.cpp:126), pid=1084, tid=4988
#  fatal error: Invalid layout of preloaded class
#
# JRE version:  (8.0_20-b26) (build )
# Java VM: Java HotSpot(TM) 64-Bit Server VM (25.20-b23 mixed mode windows-amd64 compressed oops)
# Failed to write core dump. Minidumps are not enabled by default on client versions of Windows
#
# If you would like to submit a bug report, please visit:
#   http://bugreport.sun.com/bugreport/crash.jsp
#

---------------  T H R E A D  ---------------

Current thread (0x00000000027b0800):  JavaThread "Unknown thread" [_thread_in_vm, id=4988, stack(0x0000000002640000,0x0000000002740000)]

Stack: [0x0000000002640000,0x0000000002740000]
Native frames: (J=compiled Java code, j=interpreted, Vv=VM code, C=native code)
V  [jvm.dll+0x3152fa]
V  [jvm.dll+0x265d03]
V  [jvm.dll+0x266943]
V  [jvm.dll+0x25e1e6]
V  [jvm.dll+0x5e64c]
V  [jvm.dll+0x5e743]
V  [jvm.dll+0x7316a]
V  [jvm.dll+0x734c8]
V  [jvm.dll+0xe3937]
V  [jvm.dll+0xe3cc6]
V  [jvm.dll+0x1f89d7]
V  [jvm.dll+0x229fc4]
V  [jvm.dll+0x14c6f1]
C  [javaw.exe+0x20c6]
C  [javaw.exe+0xc9eb]
C  [javaw.exe+0xca7f]
C  [KERNEL32.DLL+0x1842]
C  [ntdll.dll+0x57509]


---------------  P R O C E S S  ---------------

Java Threads: ( => current thread )

Other Threads:

=>0x00000000027b0800 (exited) JavaThread "Unknown thread" [_thread_in_vm, id=4988, stack(0x0000000002640000,0x0000000002740000)]

VM state:not at safepoint (not fully initialized)

VM Mutex/Monitor currently owned by a thread: None

GC Heap History (0 events):
No events

Deoptimization events (0 events):
No events

Internal exceptions (0 events):
No events

Events (10 events):
Event: 0.018 loading class java/lang/CharSequence done
Event: 0.019 loading class java/lang/String done
Event: 0.019 loading class java/lang/Class
Event: 0.019 loading class java/lang/reflect/AnnotatedElement
Event: 0.019 loading class java/lang/reflect/AnnotatedElement done
Event: 0.019 loading class java/lang/reflect/GenericDeclaration
Event: 0.019 loading class java/lang/reflect/GenericDeclaration done
Event: 0.019 loading class java/lang/reflect/Type
Event: 0.019 loading class java/lang/reflect/Type done
Event: 0.020 loading class java/lang/Class done


Dynamic libraries:
0x000007f6eee30000 - 0x000007f6eee64000 	C:\Program Files\Java\jre1.8.0_20\bin\javaw.exe
0x000007fb42910000 - 0x000007fb42ace000 	C:\Windows\SYSTEM32\ntdll.dll
0x000007fb40450000 - 0x000007fb40587000 	C:\Windows\system32\KERNEL32.DLL
0x000007fb3fbf0000 - 0x000007fb3fce4000 	C:\Windows\system32\KERNELBASE.dll
0x000007fb427c0000 - 0x000007fb4289e000 	C:\Windows\system32\ADVAPI32.dll
0x000007fb40c40000 - 0x000007fb40d8c000 	C:\Windows\system32\USER32.dll
0x000007fb3bfd0000 - 0x000007fb3c23a000 	C:\Windows\WinSxS\amd64_microsoft.windows.common-controls_6595b64144ccf1df_6.0.9200.16579_none_418ab7ef718b27ef\COMCTL32.dll
0x000007fb3ff80000 - 0x000007fb40025000 	C:\Windows\system32\msvcrt.dll
0x000007fb40880000 - 0x000007fb408c8000 	C:\Windows\SYSTEM32\sechost.dll
0x000007fb40590000 - 0x000007fb406d5000 	C:\Windows\system32\RPCRT4.dll
0x000007fb40300000 - 0x000007fb40441000 	C:\Windows\system32\GDI32.dll
0x000007fb40ae0000 - 0x000007fb40b19000 	C:\Windows\system32\IMM32.DLL
0x000007fb40760000 - 0x000007fb40876000 	C:\Windows\system32\MSCTF.dll
0x00000000552c0000 - 0x0000000055392000 	C:\Program Files\Java\jre1.8.0_20\bin\msvcr100.dll
0x0000000055600000 - 0x0000000055e58000 	C:\Program Files\Java\jre1.8.0_20\bin\server\jvm.dll
0x000007fb36270000 - 0x000007fb36279000 	C:\Windows\SYSTEM32\WSOCK32.dll
0x000007fb35710000 - 0x000007fb35730000 	C:\Windows\SYSTEM32\WINMM.dll
0x000007fb424c0000 - 0x000007fb424c7000 	C:\Windows\system32\PSAPI.DLL
0x000007fb40b20000 - 0x000007fb40b78000 	C:\Windows\system32\WS2_32.dll
0x000007fb35590000 - 0x000007fb355c3000 	C:\Windows\SYSTEM32\WINMMBASE.dll
0x000007fb40ad0000 - 0x000007fb40ad9000 	C:\Windows\system32\NSI.dll
0x000007fb3fb80000 - 0x000007fb3fbcf000 	C:\Windows\SYSTEM32\cfgmgr32.dll
0x000007fb3fb50000 - 0x000007fb3fb72000 	C:\Windows\system32\DEVOBJ.dll
0x0000000055510000 - 0x000000005551f000 	C:\Program Files\Java\jre1.8.0_20\bin\verify.dll
0x00000000554e0000 - 0x0000000055508000 	C:\Program Files\Java\jre1.8.0_20\bin\java.dll
0x00000000554c0000 - 0x00000000554d6000 	C:\Program Files\Java\jre1.8.0_20\bin\zip.dll
0x000007fb3dd20000 - 0x000007fb3de83000 	C:\Windows\SYSTEM32\dbghelp.dll

VM Arguments:
jvm_args: -Dfile.encoding=Cp1252 -Xbootclasspath:C:\Users\aje\Downloads\adt-bundle-windows-x86_64-20140702\adt-bundle-windows-x86_64-20140702\sdk\platforms\android-20\android.jar 
java_command: edu.umass.cs.accelerometer.ActivityFeatureExtractor
java_class_path (initial): C:\Users\aje\workspace\assignment2b\390mbg4\bin\classes;C:\Users\aje\workspace\assignment2b\390mbg4\libs\commons-net-ftp-2.0.jar;C:\Users\aje\workspace\assignment2b\390mbg4\libs\BioHarnessBT.jar;C:\Users\aje\workspace\assignment2b\390mbg4\libs\aware1.0.jar
Launcher Type: SUN_STANDARD

Environment Variables:
PATH=C:/Program Files/Java/jre1.8.0_20/bin/server;C:/Program Files/Java/jre1.8.0_20/bin;C:/Program Files/Java/jre1.8.0_20/lib/amd64;C:\ProgramData\Oracle\Java\javapath;C:\Program Files (x86)\Intel\iCLS Client\;C:\Program Files\Intel\iCLS Client\;C:\Windows\system32;C:\Windows;C:\Windows\System32\Wbem;C:\Windows\System32\WindowsPowerShell\v1.0\;C:\Program Files (x86)\Windows Live\Shared;C:\Program Files\Intel\Intel(R) Management Engine Components\DAL;C:\Program Files\Intel\Intel(R) Management Engine Components\IPT;C:\Program Files (x86)\Intel\Intel(R) Management Engine Components\DAL;C:\Program Files (x86)\Intel\Intel(R) Management Engine Components\IPT;C:\Program Files (x86)\Intel\OpenCL SDK\2.0\bin\x86;C:\Program Files (x86)\Intel\OpenCL SDK\2.0\bin\x64;C:\Program Files (x86)\Git\cmd;C:\Users\aje\Downloads\adt-bundle-windows-x86_64-20140702\adt-bundle-windows-x86_64-20140702\eclipse;
USERNAME=aje
OS=Windows_NT
PROCESSOR_IDENTIFIER=Intel64 Family 6 Model 58 Stepping 9, GenuineIntel



---------------  S Y S T E M  ---------------

OS: Windows 8 , 64 bit Build 9200 

CPU:total 4 (2 cores per cpu, 2 threads per core) family 6 model 58 stepping 9, cmov, cx8, fxsr, mmx, sse, sse2, sse3, ssse3, sse4.1, sse4.2, popcnt, avx, clmul, erms, ht, tsc, tscinvbit, tscinv

Memory: 4k page, physical 4077240k(2008476k free), swap 6960824k(3665716k free)

vm_info: Java HotSpot(TM) 64-Bit Server VM (25.20-b23) for windows-amd64 JRE (1.8.0_20-b26), built on Jul 30 2014 13:51:23 by "java_re" with MS VC++ 10.0 (VS2010)

time: Wed Oct 15 20:56:29 2014
elapsed time: 0 seconds (0d 0h 0m 0s)

