#
# A fatal error has been detected by the Java Runtime Environment:
#
#  Internal Error (javaClasses.cpp:126), pid=3248, tid=4052
#  fatal error: Invalid layout of preloaded class
#
# JRE version:  (8.0_20-b26) (build )
# Java VM: Java HotSpot(TM) 64-Bit Server VM (25.20-b23 mixed mode windows-amd64 compressed oops)
# Failed to write core dump. Minidumps are not enabled by default on client versions of Windows
#
# If you would like to submit a bug report, please visit:
#   http://bugreport.sun.com/bugreport/crash.jsp
#

---------------  T H R E A D  ---------------

Current thread (0x0000000002090800):  JavaThread "Unknown thread" [_thread_in_vm, id=4052, stack(0x0000000001c40000,0x0000000001d40000)]

Stack: [0x0000000001c40000,0x0000000001d40000]
Native frames: (J=compiled Java code, j=interpreted, Vv=VM code, C=native code)
V  [jvm.dll+0x3152fa]
V  [jvm.dll+0x265d03]
V  [jvm.dll+0x266943]
V  [jvm.dll+0x25e1e6]
V  [jvm.dll+0x5e64c]
V  [jvm.dll+0x5e743]
V  [jvm.dll+0x7316a]
V  [jvm.dll+0x734c8]
V  [jvm.dll+0xe3937]
V  [jvm.dll+0xe3cc6]
V  [jvm.dll+0x1f89d7]
V  [jvm.dll+0x229fc4]
V  [jvm.dll+0x14c6f1]
C  [javaw.exe+0x20c6]
C  [javaw.exe+0xc9eb]
C  [javaw.exe+0xca7f]
C  [KERNEL32.DLL+0x1842]
C  [ntdll.dll+0x3f9d1]


---------------  P R O C E S S  ---------------

Java Threads: ( => current thread )

Other Threads:

=>0x0000000002090800 (exited) JavaThread "Unknown thread" [_thread_in_vm, id=4052, stack(0x0000000001c40000,0x0000000001d40000)]

VM state:not at safepoint (not fully initialized)

VM Mutex/Monitor currently owned by a thread: None

GC Heap History (0 events):
No events

Deoptimization events (0 events):
No events

Internal exceptions (0 events):
No events

Events (10 events):
Event: 0.026 loading class java/lang/CharSequence done
Event: 0.026 loading class java/lang/String done
Event: 0.026 loading class java/lang/Class
Event: 0.026 loading class java/lang/reflect/AnnotatedElement
Event: 0.027 loading class java/lang/reflect/AnnotatedElement done
Event: 0.027 loading class java/lang/reflect/GenericDeclaration
Event: 0.027 loading class java/lang/reflect/GenericDeclaration done
Event: 0.027 loading class java/lang/reflect/Type
Event: 0.027 loading class java/lang/reflect/Type done
Event: 0.027 loading class java/lang/Class done


Dynamic libraries:
0x000007f673b20000 - 0x000007f673b54000 	C:\Program Files\Java\jre1.8.0_20\bin\javaw.exe
0x000007f87bb50000 - 0x000007f87bd0e000 	C:\Windows\SYSTEM32\ntdll.dll
0x000007f87aa90000 - 0x000007f87abc7000 	C:\Windows\system32\KERNEL32.DLL
0x000007f878e10000 - 0x000007f878f04000 	C:\Windows\system32\KERNELBASE.dll
0x000007f87ba70000 - 0x000007f87bb4e000 	C:\Windows\system32\ADVAPI32.dll
0x000007f87b1a0000 - 0x000007f87b2ec000 	C:\Windows\system32\USER32.dll
0x000007f874790000 - 0x000007f8749fa000 	C:\Windows\WinSxS\amd64_microsoft.windows.common-controls_6595b64144ccf1df_6.0.9200.16579_none_418ab7ef718b27ef\COMCTL32.dll
0x000007f87ae70000 - 0x000007f87af15000 	C:\Windows\system32\msvcrt.dll
0x000007f87b300000 - 0x000007f87b348000 	C:\Windows\SYSTEM32\sechost.dll
0x000007f87a5d0000 - 0x000007f87a715000 	C:\Windows\system32\RPCRT4.dll
0x000007f87af30000 - 0x000007f87b071000 	C:\Windows\system32\GDI32.dll
0x000007f87a4c0000 - 0x000007f87a4f9000 	C:\Windows\system32\IMM32.DLL
0x000007f87b080000 - 0x000007f87b196000 	C:\Windows\system32\MSCTF.dll
0x0000000073b80000 - 0x0000000073c52000 	C:\Program Files\Java\jre1.8.0_20\bin\msvcr100.dll
0x0000000074050000 - 0x00000000748a8000 	C:\Program Files\Java\jre1.8.0_20\bin\server\jvm.dll
0x000007f8740a0000 - 0x000007f8740a9000 	C:\Windows\SYSTEM32\WSOCK32.dll
0x000007f86d670000 - 0x000007f86d690000 	C:\Windows\SYSTEM32\WINMM.dll
0x000007f87ae60000 - 0x000007f87ae67000 	C:\Windows\system32\PSAPI.DLL
0x000007f87b510000 - 0x000007f87b568000 	C:\Windows\system32\WS2_32.dll
0x000007f86d470000 - 0x000007f86d4a3000 	C:\Windows\SYSTEM32\WINMMBASE.dll
0x000007f87b2f0000 - 0x000007f87b2f9000 	C:\Windows\system32\NSI.dll
0x000007f878be0000 - 0x000007f878c2f000 	C:\Windows\SYSTEM32\cfgmgr32.dll
0x000007f878aa0000 - 0x000007f878ac2000 	C:\Windows\system32\DEVOBJ.dll
0x0000000073f60000 - 0x0000000073f6f000 	C:\Program Files\Java\jre1.8.0_20\bin\verify.dll
0x0000000073f30000 - 0x0000000073f58000 	C:\Program Files\Java\jre1.8.0_20\bin\java.dll
0x0000000073f10000 - 0x0000000073f26000 	C:\Program Files\Java\jre1.8.0_20\bin\zip.dll
0x000007f876cf0000 - 0x000007f876e53000 	C:\Windows\SYSTEM32\dbghelp.dll

VM Arguments:
jvm_args: -Dfile.encoding=Cp1252 -Xbootclasspath:C:\Users\aje\Downloads\adt-bundle-windows-x86_64-20140702\adt-bundle-windows-x86_64-20140702\sdk\platforms\android-21\android.jar 
java_command: edu.umass.cs.client.voice.FeaturizeWeka
java_class_path (initial): C:\Users\aje\workspace\390mbg4-assignment4\bin\classes;C:\Users\aje\workspace\390mbg4-assignment4\libs\commons-net-ftp-2.0.jar;C:\Users\aje\workspace\390mbg4-assignment4\libs\android-support-v4.jar;C:\Users\aje\workspace\390mbg4-assignment4\libs\hellocharts-library-1.0.jar;C:\Users\aje\workspace\390mbg4-assignment4\libs\BioHarnessBT.jar;C:\Users\aje\workspace\390mbg4-assignment4\libs\aware1.0.jar;C:\Program Files\Weka-3-6\weka.jar
Launcher Type: SUN_STANDARD

Environment Variables:
PATH=C:/Program Files/Java/jre1.8.0_20/bin/server;C:/Program Files/Java/jre1.8.0_20/bin;C:/Program Files/Java/jre1.8.0_20/lib/amd64;C:\ProgramData\Oracle\Java\javapath;C:\Program Files (x86)\Intel\iCLS Client\;C:\Program Files\Intel\iCLS Client\;C:\Windows\system32;C:\Windows;C:\Windows\System32\Wbem;C:\Windows\System32\WindowsPowerShell\v1.0\;C:\Program Files (x86)\Windows Live\Shared;C:\Program Files\Intel\Intel(R) Management Engine Components\DAL;C:\Program Files\Intel\Intel(R) Management Engine Components\IPT;C:\Program Files (x86)\Intel\Intel(R) Management Engine Components\DAL;C:\Program Files (x86)\Intel\Intel(R) Management Engine Components\IPT;C:\Program Files (x86)\Intel\OpenCL SDK\2.0\bin\x86;C:\Program Files (x86)\Intel\OpenCL SDK\2.0\bin\x64;C:\Program Files (x86)\Git\cmd;C:\Program Files (x86)\scala\bin;C:\Users\aje\Downloads\adt-bundle-windows-x86_64-20140702\adt-bundle-windows-x86_64-20140702\eclipse;
USERNAME=aje
OS=Windows_NT
PROCESSOR_IDENTIFIER=Intel64 Family 6 Model 58 Stepping 9, GenuineIntel



---------------  S Y S T E M  ---------------

OS: Windows 8 , 64 bit Build 9200 

CPU:total 4 (2 cores per cpu, 2 threads per core) family 6 model 58 stepping 9, cmov, cx8, fxsr, mmx, sse, sse2, sse3, ssse3, sse4.1, sse4.2, popcnt, avx, clmul, erms, ht, tsc, tscinvbit, tscinv

Memory: 4k page, physical 4077240k(1484164k free), swap 7616184k(3928688k free)

vm_info: Java HotSpot(TM) 64-Bit Server VM (25.20-b23) for windows-amd64 JRE (1.8.0_20-b26), built on Jul 30 2014 13:51:23 by "java_re" with MS VC++ 10.0 (VS2010)

time: Sun Nov 09 16:55:35 2014
elapsed time: 0 seconds (0d 0h 0m 0s)

